<?xml version="1.0" encoding="UTF-8"?>
<!-- Generated by org.testng.reporters.JUnitReportReporter -->
<testsuite hostname="Lenovo" failures="0" tests="2" name="testCases.LoginTest" time="9.708" errors="0" timestamp="2023-05-07T10:10:01 CEST" skipped="0">
  <testcase classname="testCases.LoginTest" name="LoginDemoApplication" time="5.851"/>
  <system-out/>
  <testcase classname="testCases.LoginTest" name="LoginDemoApplication1" time="3.857"/>
  <system-out/>
</testsuite> <!-- testCases.LoginTest -->
